\BOOKMARK [1][-]{section.0}{\376\377\000I\000n\000t\000r\000o\000d\000u\000c\000t\000i\000o\000n}{}% 1
\BOOKMARK [2][-]{subsection.0.1}{\376\377\000G\000l\000o\000b\000a\000l\000\040\000n\000o\000n\000-\000l\000i\000n\000e\000a\000r\000\040\000o\000p\000t\000i\000m\000i\000z\000a\000t\000i\000o\000n}{section.0}% 2
\BOOKMARK [2][-]{subsection.0.2}{\376\377\000P\000o\000l\000y\000n\000o\000m\000i\000a\000l\000\040\000o\000p\000t\000i\000m\000i\000z\000a\000t\000i\000o\000n}{section.0}% 3
\BOOKMARK [2][-]{subsection.0.3}{\376\377\000P\000r\000e\000r\000e\000q\000u\000i\000s\000i\000t\000e\000s}{section.0}% 4
\BOOKMARK [2][-]{subsection.0.4}{\376\377\000N\000o\000t\000a\000t\000i\000o\000n}{section.0}% 5
\BOOKMARK [2][-]{subsection.0.5}{\376\377\000N\000u\000m\000b\000e\000r\000i\000n\000g}{section.0}% 6
\BOOKMARK [2][-]{subsection.0.6}{\376\377\000S\000o\000f\000t\000w\000a\000r\000e}{section.0}% 7
\BOOKMARK [1][-]{section.1}{\376\377\000N\000o\000n\000-\000n\000e\000g\000a\000t\000i\000v\000i\000t\000y\000\040\000a\000n\000d\000\040\000s\000u\000m\000s\000\040\000o\000f\000\040\000s\000q\000u\000a\000r\000e\000s}{}% 8
\BOOKMARK [2][-]{subsection.1.1}{\376\377\000A\000\040\000T\000o\000p\000i\000c\000\040\000o\000f\000\040\000r\000e\000a\000l\000\040\000a\000l\000g\000e\000b\000r\000a}{section.1}% 9
\BOOKMARK [2][-]{subsection.1.2}{\376\377\000U\000n\000c\000o\000n\000s\000t\000r\000a\000i\000n\000e\000d\000\040\000p\000o\000l\000y\000n\000o\000m\000i\000a\000l\000\040\000o\000p\000t\000i\000m\000i\000z\000a\000t\000i\000o\000n}{section.1}% 10
\BOOKMARK [2][-]{subsection.1.3}{\376\377\000S\000u\000m\000-\000o\000f\000-\000s\000q\000u\000a\000r\000e\000s\000\040\000r\000e\000l\000a\000x\000a\000t\000i\000o\000n\000\040\000f\000r\000o\000m\000\040\000t\000h\000e\000\040\000d\000u\000a\000l\000\040\000f\000o\000r\000m\000u\000l\000a\000t\000i\000o\000n}{section.1}% 11
\BOOKMARK [2][-]{subsection.1.4}{\376\377\000S\000O\000S\000-\000r\000e\000l\000a\000x\000a\000t\000i\000o\000n\000s\000\040\000a\000n\000d\000\040\000s\000e\000m\000i\000d\000e\000f\000i\000n\000i\000t\000e\000\040\000o\000p\000t\000i\000m\000i\000z\000a\000t\000i\000o\000n}{section.1}% 12
\BOOKMARK [2][-]{subsection.1.5}{\376\377\000E\000m\000p\000l\000o\000y\000i\000n\000g\000\040\000N\000e\000w\000t\000o\000n\000\040\000p\000o\000l\000y\000t\000o\000p\000e\000s\000\040\000t\000o\000\040\000r\000e\000d\000u\000c\000e\000\040\000t\000h\000e\000\040\000s\000i\000z\000e\000\040\000o\000f\000\040\000a\000n\000\040\000S\000D\000P}{section.1}% 13
\BOOKMARK [2][-]{subsection.1.6}{\376\377\000U\000n\000c\000o\000n\000s\000t\000r\000a\000i\000n\000e\000d\000\040\000u\000n\000i\000v\000a\000r\000i\000a\000t\000e\000\040\000P\000O\000P\000\040\000g\000e\000t\000s\000\040\000r\000e\000d\000u\000c\000e\000d\000\040\000t\000o\000\040\000S\000D\000P}{section.1}% 14
\BOOKMARK [2][-]{subsection.1.7}{\376\377\000T\000h\000e\000\040\000c\000a\000s\000e\000\040\000o\000f\000\040\000d\000e\000g\000r\000e\000e\000\040\000t\000w\000o\000\040\000g\000e\000t\000s\000\040\000r\000e\000d\000u\000c\000e\000d\000\040\000t\000o\000\040\000l\000i\000n\000e\000a\000r\000\040\000a\000l\000g\000e\000b\000r\000a}{section.1}% 15
\BOOKMARK [2][-]{subsection.1.8}{\376\377\000N\000o\000n\000-\000n\000e\000g\000a\000t\000i\000v\000i\000t\000y\000\040\000v\000s\000.\000\040\000S\000O\000S\000:\000\040\000m\000u\000l\000t\000i\000v\000a\000r\000i\000a\000t\000e\000\040\000c\000o\000u\000n\000t\000e\000r\000e\000x\000a\000m\000p\000l\000e\000s}{section.1}% 16
\BOOKMARK [2][-]{subsection.1.9}{\376\377\000E\000q\000u\000i\000v\000a\000l\000e\000n\000c\000e\000\040\000o\000f\000\040\000n\000o\000n\000-\000n\000e\000g\000a\000t\000i\000v\000i\000t\000y\000\040\000a\000n\000d\000\040\000S\000O\000S\000\040\000f\000o\000r\000\040\000t\000w\000o\000-\000v\000a\000r\000i\000a\000t\000e\000\040\000p\000o\000l\000y\000n\000o\000m\000i\000a\000l\000s\000\040\000o\000f\000\040\000d\000e\000g\000r\000e\000e\000\040\000f\000o\000u\000r}{section.1}% 17
\BOOKMARK [2][-]{subsection.1.10}{\376\377\000N\000o\000n\000-\000n\000e\000g\000a\000t\000i\000v\000i\000t\000y\000\040\000v\000s\000.\000\040\000S\000O\000S\000:\000\040\000S\000u\000m\000m\000a\000r\000y}{section.1}% 18
\BOOKMARK [1][-]{section.2}{\376\377\000S\000t\000e\000l\000l\000e\000n\000s\000\344\000t\000z\000e\000\040\000w\000i\000t\000h\000\040\000d\000e\000n\000o\000m\000i\000n\000a\000t\000o\000r\000s\000\040\000a\000n\000d\000\040\000H\000i\000l\000b\000e\000r\000t\000'\000s\000\040\0001\0007\000t\000h\000\040\000p\000r\000o\000b\000l\000e\000m}{}% 19
\BOOKMARK [2][-]{subsection.2.1}{\376\377\000H\000i\000l\000b\000e\000r\000t\000'\000s\000\040\0001\0007\000t\000h\000\040\000p\000r\000o\000b\000l\000e\000m}{section.2}% 20
\BOOKMARK [2][-]{subsection.2.2}{\376\377\000O\000r\000d\000e\000r\000e\000d\000\040\000f\000i\000e\000l\000d\000s}{section.2}% 21
\BOOKMARK [2][-]{subsection.2.3}{\376\377\000Q\000u\000a\000n\000t\000i\000f\000i\000e\000r\000\040\000e\000l\000i\000m\000i\000n\000a\000t\000i\000o\000n\000\040\000a\000n\000d\000\040\000T\000a\000r\000s\000k\000i\000'\000s\000\040\000t\000r\000a\000n\000s\000f\000e\000r\000\040\000p\000r\000i\000n\000c\000i\000p\000l\000e}{section.2}% 22
\BOOKMARK [2][-]{subsection.2.4}{\376\377\000S\000o\000l\000u\000t\000i\000o\000n\000\040\000o\000f\000\040\000H\000i\000l\000b\000e\000r\000t\000'\000s\000\040\0001\0007\000t\000h\000\040\000p\000r\000o\000b\000l\000e\000m}{section.2}% 23
\BOOKMARK [2][-]{subsection.2.5}{\376\377\000A\000n\000\040\000a\000l\000g\000e\000b\000r\000a\000i\000c\000\040\000c\000e\000r\000t\000i\000f\000i\000c\000a\000t\000e\000\040\000o\000f\000\040\000n\000o\000n\000-\000n\000e\000g\000a\000t\000i\000v\000i\000t\000y}{section.2}% 24
\BOOKMARK [2][-]{subsection.2.6}{\376\377\000A\000\040\000F\000a\000r\000k\000a\000s\000-\000t\000y\000p\000e\000\040\000l\000e\000m\000m\000a\000\040\000f\000o\000r\000\040\000p\000o\000l\000y\000n\000o\000m\000i\000a\000l\000\040\000i\000n\000e\000q\000u\000a\000l\000i\000t\000i\000e\000s}{section.2}% 25
\BOOKMARK [2][-]{subsection.2.7}{\376\377\000S\000t\000e\000l\000l\000e\000n\000s\000\344\000t\000z\000e\000\040\000w\000i\000t\000h\000\040\000d\000e\000n\000o\000m\000i\000n\000a\000t\000o\000r\000s}{section.2}% 26
\BOOKMARK [2][-]{subsection.2.8}{\376\377\000R\000e\000m\000a\000r\000k\000s\000\040\000o\000n\000\040\000S\000t\000e\000l\000l\000e\000n\000s\000\344\000t\000z\000e}{section.2}% 27
\BOOKMARK [1][-]{section.3}{\376\377\000P\000o\000s\000i\000t\000i\000v\000s\000t\000e\000l\000l\000e\000n\000s\000\344\000t\000z\000e\000\040\000w\000i\000t\000h\000o\000u\000t\000\040\000d\000e\000n\000o\000m\000i\000n\000a\000t\000o\000r\000s}{}% 28
\BOOKMARK [2][-]{subsection.3.1}{\376\377\000A\000f\000f\000i\000n\000e\000\040\000v\000e\000r\000s\000i\000o\000n\000\040\000o\000f\000\040\000F\000a\000r\000k\000a\000s\000\040\000l\000e\000m\000m\000a}{section.3}% 29
\BOOKMARK [2][-]{subsection.3.2}{\376\377\000P\000\363\000l\000y\000a\000:\000\040\000a\000\040\000p\000o\000s\000i\000t\000i\000v\000s\000t\000e\000l\000l\000e\000n\000s\000a\000t\000z\000\040\000o\000n\000\040\000a\000\040\000s\000i\000m\000p\000l\000e\000x}{section.3}% 30
\BOOKMARK [2][-]{subsection.3.3}{\376\377\000P\000\363\000l\000y\000a\000s\000\040\000t\000h\000e\000o\000r\000e\000m\000\040\000a\000n\000d\000\040\000c\000o\000p\000o\000s\000i\000t\000i\000v\000i\000t\000y}{section.3}% 31
\BOOKMARK [2][-]{subsection.3.4}{\376\377\000H\000a\000n\000d\000e\000l\000m\000a\000n\000:\000\040\000a\000\040\000p\000o\000s\000i\000t\000i\000v\000s\000t\000e\000l\000l\000e\000s\000a\000t\000z\000\040\000o\000n\000\040\000a\000\040\000p\000o\000l\000y\000t\000o\000p\000e}{section.3}% 32
\BOOKMARK [2][-]{subsection.3.5}{\376\377\000H\000a\000n\000d\000e\000l\000m\000a\000n\000'\000s\000\040\000t\000h\000e\000o\000r\000e\000m\000\040\000a\000n\000d\000\040\000l\000i\000n\000e\000a\000r\000\040\000p\000r\000o\000g\000r\000a\000m\000m\000i\000n\000g}{section.3}% 33
\BOOKMARK [2][-]{subsection.3.6}{\376\377\000Q\000u\000a\000d\000r\000a\000t\000i\000c\000\040\000m\000o\000d\000u\000l\000e\000s\000\040\000a\000n\000d\000\040\000c\000o\000n\000s\000t\000r\000a\000i\000n\000e\000d\000\040\000p\000o\000l\000y\000n\000o\000m\000i\000a\000l\000\040\000o\000p\000t\000i\000m\000i\000z\000a\000t\000i\000o\000n}{section.3}% 34
\BOOKMARK [2][-]{subsection.3.7}{\376\377\000P\000o\000s\000i\000t\000i\000v\000s\000t\000e\000l\000l\000e\000n\000s\000\344\000t\000z\000e\000\040\000i\000n\000v\000o\000l\000v\000i\000n\000g\000\040\000q\000u\000a\000d\000r\000a\000t\000i\000c\000\040\000m\000o\000d\000u\000l\000e\000s}{section.3}% 35
\BOOKMARK [2][-]{subsection.3.8}{\376\377\000S\000c\000h\000m\000\374\000d\000g\000e\000n\000:\000\040\000P\000o\000s\000i\000t\000i\000v\000s\000t\000e\000l\000l\000e\000n\000s\000a\000t\000z\000\040\000o\000n\000\040\000a\000\040\000g\000e\000n\000e\000r\000a\000l\000\040\000c\000o\000m\000p\000a\000c\000t\000\040\000s\000e\000m\000i\000a\000l\000g\000e\000b\000r\000a\000i\000c\000\040\000s\000e\000t}{section.3}% 36
\BOOKMARK [2][-]{subsection.3.9}{\376\377\000P\000u\000t\000i\000n\000a\000r\000:\000\040\000c\000a\000s\000e\000s\000\040\000w\000h\000e\000r\000e\000\040\000q\000u\000a\000d\000r\000a\000t\000i\000c\000\040\000m\000o\000d\000u\000l\000e\000s\000\040\000c\000e\000r\000t\000i\000f\000y\000\040\000p\000o\000s\000i\000t\000i\000v\000i\000t\000y}{section.3}% 37
\BOOKMARK [1][-]{section.4}{\376\377\000D\000u\000a\000l\000i\000t\000y\000\040\000f\000o\000r\000\040\000c\000o\000n\000i\000c\000\040\000a\000n\000d\000\040\000s\000e\000m\000i\000d\000e\000f\000i\000n\000i\000t\000e\000\040\000o\000p\000t\000i\000m\000i\000z\000a\000t\000i\000o\000n}{}% 38
\BOOKMARK [2][-]{subsection.4.1}{\376\377\000E\000v\000e\000r\000y\000\040\000n\000o\000n\000l\000i\000n\000e\000a\000r\000\040\000p\000r\000o\000b\000l\000e\000m\000\040\000i\000s\000\040\000a\000\040\000c\000o\000n\000i\000c\000\040\000p\000r\000o\000b\000l\000e\000m\000\040\000\050\000i\000n\000\040\000p\000r\000i\000n\000c\000i\000p\000l\000e\000\051}{section.4}% 39
\BOOKMARK [2][-]{subsection.4.2}{\376\377\000D\000u\000a\000l\000i\000t\000y\000\040\000o\000p\000e\000r\000a\000t\000i\000o\000n\000s\000\040\000f\000o\000r\000\040\000c\000o\000n\000v\000e\000x\000\040\000s\000e\000t\000s}{section.4}% 40
\BOOKMARK [2][-]{subsection.4.3}{\376\377\000F\000a\000r\000k\000a\000s\000\040\000l\000e\000m\000m\000a\000s\000\040\000i\000n\000\040\000c\000o\000n\000i\000c\000\040\000o\000p\000t\000i\000m\000i\000z\000a\000t\000i\000o\000n}{section.4}% 41
\BOOKMARK [2][-]{subsection.4.4}{\376\377\000D\000u\000a\000l\000i\000t\000y\000\040\000o\000f\000\040\000c\000o\000n\000i\000c\000\040\000o\000p\000t\000i\000m\000i\000z\000a\000t\000i\000o\000n\000\040\000p\000r\000o\000b\000l\000e\000m\000s}{section.4}% 42
\BOOKMARK [2][-]{subsection.4.5}{\376\377\000D\000u\000a\000l\000i\000t\000y\000\040\000f\000o\000r\000\040\000m\000o\000r\000e\000\040\000g\000e\000n\000e\000r\000a\000l\000\040\000f\000o\000r\000m\000u\000l\000a\000t\000i\000o\000n\000s}{section.4}% 43
\BOOKMARK [2][-]{subsection.4.6}{\376\377\000S\000e\000m\000i\000d\000e\000f\000i\000n\000i\000t\000e\000\040\000o\000p\000t\000i\000m\000i\000z\000a\000t\000i\000o\000n}{section.4}% 44
\BOOKMARK [2][-]{subsection.4.7}{\376\377\000D\000u\000a\000l\000i\000t\000y\000\040\000f\000o\000r\000\040\000S\000D\000P}{section.4}% 45
\BOOKMARK [2][-]{subsection.4.8}{\376\377\000S\000D\000P\000\040\000d\000u\000a\000l\000i\000t\000y\000\040\000a\000p\000p\000l\000i\000e\000d\000\040\000t\000o\000\040\000p\000o\000l\000y\000n\000o\000m\000i\000a\000l\000\040\000o\000p\000t\000i\000m\000i\000z\000a\000t\000i\000o\000n}{section.4}% 46
\BOOKMARK [2][-]{subsection.4.9}{\376\377\000T\000r\000u\000n\000c\000a\000t\000e\000d\000\040\000m\000o\000m\000e\000n\000t\000\040\000p\000r\000o\000b\000l\000e\000m}{section.4}% 47
\BOOKMARK [2][-]{subsection.4.10}{\376\377\000P\000e\000c\000u\000l\000i\000a\000r\000i\000t\000i\000e\000s\000\040\000o\000f\000\040\000S\000D\000P}{section.4}% 48
\BOOKMARK [2][-]{subsection.4.11}{\376\377\000D\000e\000t\000o\000u\000r\000:\000\040\000S\000e\000c\000o\000n\000d\000-\000o\000r\000d\000e\000r\000\040\000c\000o\000n\000e\000\040\000p\000r\000o\000g\000r\000a\000m\000m\000i\000n\000g}{section.4}% 49
\BOOKMARK [2][-]{subsection.4.12}{\376\377\000D\000e\000t\000o\000u\000r\000:\000\040\000L\000i\000n\000e\000a\000r\000\040\000s\000t\000o\000c\000h\000a\000s\000t\000i\000c\000\040\000o\000p\000t\000i\000m\000i\000z\000a\000t\000i\000o\000n}{section.4}% 50
\BOOKMARK [1][-]{section.5}{\376\377\000I\000n\000t\000e\000r\000i\000o\000r\000-\000p\000o\000i\000n\000t\000\040\000m\000e\000t\000h\000o\000d\000s\000\040\000f\000o\000r\000\040\000l\000i\000n\000e\000a\000r\000\040\000a\000n\000d\000\040\000s\000e\000m\000i\000d\000e\000f\000i\000n\000i\000t\000e\000\040\000o\000p\000t\000i\000m\000i\000z\000a\000t\000i\000o\000n}{}% 51
\BOOKMARK [2][-]{subsection.5.1}{\376\377\000W\000a\000y\000s\000\040\000t\000o\000\040\000s\000o\000l\000v\000e\000\040\000c\000o\000n\000s\000t\000r\000a\000i\000n\000e\000d\000\040\000c\000o\000n\000v\000e\000x\000\040\000p\000r\000o\000b\000l\000e\000m\000s\000:\000\040\000a\000\040\000v\000e\000r\000y\000\040\000s\000h\000o\000r\000t\000\040\000s\000y\000n\000o\000p\000s\000i\000s}{section.5}% 52
\BOOKMARK [2][-]{subsection.5.2}{\376\377\000C\000e\000n\000t\000r\000a\000l\000\040\000p\000a\000t\000h\000\040\000f\000o\000r\000\040\000L\000P\000\040\000w\000i\000t\000h\000\040\000c\000o\000n\000s\000t\000r\000a\000i\000n\000t\000s\000\040\000A\000x\000\040\000b}{section.5}% 53
\BOOKMARK [2][-]{subsection.5.3}{\376\377\000C\000e\000n\000t\000r\000a\000l\000\040\000p\000a\000t\000h\000\040\000f\000o\000r\000\040\000L\000P\000\040\000w\000i\000t\000h\000\040\000c\000o\000n\000s\000t\000r\000a\000i\000n\000t\000s\000\040\000A\000x\000=\000b\000,\000\040\000x\000\040\0000}{section.5}% 54
\BOOKMARK [2][-]{subsection.5.4}{\376\377\000l\000n\000\050\000d\000e\000t\000\050\000X\000\051\000\051\000\040\000i\000s\000\040\000a\000\040\000g\000o\000o\000d\000\040\000b\000a\000r\000r\000i\000e\000r\000\040\000f\000o\000r\000\040\000S\000D\000P}{section.5}% 55
\BOOKMARK [2][-]{subsection.5.5}{\376\377\000I\000n\000t\000e\000r\000i\000o\000r\000-\000p\000o\000i\000n\000t\000\040\000m\000e\000t\000h\000o\000d\000s\000\040\000f\000o\000r\000\040\000S\000D\000P}{section.5}% 56
